This file contains any messages produced by compilers while
running configure, to aid debugging if configure makes a mistake.

It was created by MASA-CUDAlign configure 3.9.1.1024, which was
generated by GNU Autoconf 2.71.  Invocation command line was

  $ ./configure --with-cuda-arch=sm_75

## --------- ##
## Platform. ##
## --------- ##

hostname = laico-Pichau-Alphard-B560M-T
uname -m = x86_64
uname -r = 6.8.0-57-generic
uname -s = Linux
uname -v = #59~22.04.1-Ubuntu SMP PREEMPT_DYNAMIC Wed Mar 19 17:07:41 UTC 2

/usr/bin/uname -p = x86_64
/bin/uname -X     = unknown

/bin/arch              = x86_64
/usr/bin/arch -k       = unknown
/usr/convex/getsysinfo = unknown
/usr/bin/hostinfo      = unknown
/bin/machine           = unknown
/usr/bin/oslevel       = unknown
/bin/universe          = unknown

PATH: /usr/local/sbin/
PATH: /usr/local/bin/
PATH: /usr/sbin/
PATH: /usr/bin/
PATH: /sbin/
PATH: /bin/
PATH: /usr/games/
PATH: /usr/local/games/
PATH: /snap/bin/


## ----------- ##
## Core tests. ##
## ----------- ##

configure:2749: looking for aux files: config.guess config.sub compile missing install-sh
configure:2762:  trying ./admin/
configure:2791:   ./admin/config.guess found
configure:2791:   ./admin/config.sub found
configure:2791:   ./admin/compile found
configure:2791:   ./admin/missing found
configure:2773:   ./admin/install-sh found
configure:2921: checking for a BSD-compatible install
configure:2994: result: /usr/bin/install -c
configure:3005: checking whether build environment is sane
configure:3060: result: yes
configure:3219: checking for a race-free mkdir -p
configure:3263: result: /usr/bin/mkdir -p
configure:3270: checking for gawk
configure:3305: result: no
configure:3270: checking for mawk
configure:3291: found /usr/bin/mawk
configure:3302: result: mawk
configure:3313: checking whether make sets $(MAKE)
configure:3336: result: yes
configure:3366: checking whether make supports nested variables
configure:3384: result: yes
configure:3578: checking for ranlib
configure:3599: found /usr/bin/ranlib
configure:3610: result: ranlib
configure:3708: checking for g++
configure:3729: found /usr/bin/g++
configure:3740: result: g++
configure:3767: checking for C++ compiler version
configure:3776: g++ --version >&5
g++ (Ubuntu 11.4.0-1ubuntu1~22.04) 11.4.0
Copyright (C) 2021 Free Software Foundation, Inc.
This is free software; see the source for copying conditions.  There is NO
warranty; not even for MERCHANTABILITY or FITNESS FOR A PARTICULAR PURPOSE.

configure:3787: $? = 0
configure:3776: g++ -v >&5
Using built-in specs.
COLLECT_GCC=g++
COLLECT_LTO_WRAPPER=/usr/lib/gcc/x86_64-linux-gnu/11/lto-wrapper
OFFLOAD_TARGET_NAMES=nvptx-none:amdgcn-amdhsa
OFFLOAD_TARGET_DEFAULT=1
Target: x86_64-linux-gnu
Configured with: ../src/configure -v --with-pkgversion='Ubuntu 11.4.0-1ubuntu1~22.04' --with-bugurl=file:///usr/share/doc/gcc-11/README.Bugs --enable-languages=c,ada,c++,go,brig,d,fortran,objc,obj-c++,m2 --prefix=/usr --with-gcc-major-version-only --program-suffix=-11 --program-prefix=x86_64-linux-gnu- --enable-shared --enable-linker-build-id --libexecdir=/usr/lib --without-included-gettext --enable-threads=posix --libdir=/usr/lib --enable-nls --enable-bootstrap --enable-clocale=gnu --enable-libstdcxx-debug --enable-libstdcxx-time=yes --with-default-libstdcxx-abi=new --enable-gnu-unique-object --disable-vtable-verify --enable-plugin --enable-default-pie --with-system-zlib --enable-libphobos-checking=release --with-target-system-zlib=auto --enable-objc-gc=auto --enable-multiarch --disable-werror --enable-cet --with-arch-32=i686 --with-abi=m64 --with-multilib-list=m32,m64,mx32 --enable-multilib --with-tune=generic --enable-offload-targets=nvptx-none=/build/gcc-11-XeT9lY/gcc-11-11.4.0/debian/tmp-nvptx/usr,amdgcn-amdhsa=/build/gcc-11-XeT9lY/gcc-11-11.4.0/debian/tmp-gcn/usr --without-cuda-driver --enable-checking=release --build=x86_64-linux-gnu --host=x86_64-linux-gnu --target=x86_64-linux-gnu --with-build-config=bootstrap-lto-lean --enable-link-serialization=2
Thread model: posix
Supported LTO compression algorithms: zlib zstd
gcc version 11.4.0 (Ubuntu 11.4.0-1ubuntu1~22.04) 
... rest of stderr output deleted ...
configure:3787: $? = 0
configure:3776: g++ -V >&5
g++: error: unrecognized command-line option '-V'
g++: fatal error: no input files
compilation terminated.
configure:3787: $? = 1
configure:3776: g++ -qversion >&5
g++: error: unrecognized command-line option '-qversion'; did you mean '--version'?
g++: fatal error: no input files
compilation terminated.
configure:3787: $? = 1
configure:3807: checking whether the C++ compiler works
configure:3829: g++    conftest.cpp  >&5
configure:3833: $? = 0
configure:3883: result: yes
configure:3886: checking for C++ compiler default output file name
configure:3888: result: a.out
configure:3894: checking for suffix of executables
configure:3901: g++ -o conftest    conftest.cpp  >&5
configure:3905: $? = 0
configure:3928: result: 
configure:3950: checking whether we are cross compiling
configure:3958: g++ -o conftest    conftest.cpp  >&5
configure:3962: $? = 0
configure:3969: ./conftest
configure:3973: $? = 0
configure:3988: result: no
configure:3993: checking for suffix of object files
configure:4016: g++ -c   conftest.cpp >&5
configure:4020: $? = 0
configure:4042: result: o
configure:4046: checking whether the compiler supports GNU C++
configure:4066: g++ -c   conftest.cpp >&5
configure:4066: $? = 0
configure:4076: result: yes
configure:4087: checking whether g++ accepts -g
configure:4108: g++ -c -g  conftest.cpp >&5
configure:4108: $? = 0
configure:4152: result: yes
configure:4172: checking for g++ option to enable C++11 features
configure:4187: g++  -c -g -O2  conftest.cpp >&5
conftest.cpp: In function 'int main(int, char**)':
conftest.cpp:177:25: warning: empty parentheses were disambiguated as a function declaration [-Wvexing-parse]
  177 |   cxx11test::delegate d2();
      |                         ^~
conftest.cpp:177:25: note: remove parentheses to default-initialize a variable
  177 |   cxx11test::delegate d2();
      |                         ^~
      |                         --
conftest.cpp:177:25: note: or replace parentheses with braces to value-initialize a variable
configure:4187: $? = 0
configure:4205: result: none needed
configure:4272: checking whether make supports the include directive
configure:4287: make -f confmf.GNU && cat confinc.out
this is the am__doit target
configure:4290: $? = 0
configure:4309: result: yes (GNU style)
configure:4335: checking dependency style of g++
configure:4447: result: gcc3
configure:4524: checking for gcc
configure:4545: found /usr/bin/gcc
configure:4556: result: gcc
configure:4909: checking for C compiler version
configure:4918: gcc --version >&5
gcc (Ubuntu 11.4.0-1ubuntu1~22.04) 11.4.0
Copyright (C) 2021 Free Software Foundation, Inc.
This is free software; see the source for copying conditions.  There is NO
warranty; not even for MERCHANTABILITY or FITNESS FOR A PARTICULAR PURPOSE.

configure:4929: $? = 0
configure:4918: gcc -v >&5
Using built-in specs.
COLLECT_GCC=gcc
COLLECT_LTO_WRAPPER=/usr/lib/gcc/x86_64-linux-gnu/11/lto-wrapper
OFFLOAD_TARGET_NAMES=nvptx-none:amdgcn-amdhsa
OFFLOAD_TARGET_DEFAULT=1
Target: x86_64-linux-gnu
Configured with: ../src/configure -v --with-pkgversion='Ubuntu 11.4.0-1ubuntu1~22.04' --with-bugurl=file:///usr/share/doc/gcc-11/README.Bugs --enable-languages=c,ada,c++,go,brig,d,fortran,objc,obj-c++,m2 --prefix=/usr --with-gcc-major-version-only --program-suffix=-11 --program-prefix=x86_64-linux-gnu- --enable-shared --enable-linker-build-id --libexecdir=/usr/lib --without-included-gettext --enable-threads=posix --libdir=/usr/lib --enable-nls --enable-bootstrap --enable-clocale=gnu --enable-libstdcxx-debug --enable-libstdcxx-time=yes --with-default-libstdcxx-abi=new --enable-gnu-unique-object --disable-vtable-verify --enable-plugin --enable-default-pie --with-system-zlib --enable-libphobos-checking=release --with-target-system-zlib=auto --enable-objc-gc=auto --enable-multiarch --disable-werror --enable-cet --with-arch-32=i686 --with-abi=m64 --with-multilib-list=m32,m64,mx32 --enable-multilib --with-tune=generic --enable-offload-targets=nvptx-none=/build/gcc-11-XeT9lY/gcc-11-11.4.0/debian/tmp-nvptx/usr,amdgcn-amdhsa=/build/gcc-11-XeT9lY/gcc-11-11.4.0/debian/tmp-gcn/usr --without-cuda-driver --enable-checking=release --build=x86_64-linux-gnu --host=x86_64-linux-gnu --target=x86_64-linux-gnu --with-build-config=bootstrap-lto-lean --enable-link-serialization=2
Thread model: posix
Supported LTO compression algorithms: zlib zstd
gcc version 11.4.0 (Ubuntu 11.4.0-1ubuntu1~22.04) 
... rest of stderr output deleted ...
configure:4929: $? = 0
configure:4918: gcc -V >&5
gcc: error: unrecognized command-line option '-V'
gcc: fatal error: no input files
compilation terminated.
configure:4929: $? = 1
configure:4918: gcc -qversion >&5
gcc: error: unrecognized command-line option '-qversion'; did you mean '--version'?
gcc: fatal error: no input files
compilation terminated.
configure:4929: $? = 1
configure:4918: gcc -version >&5
gcc: error: unrecognized command-line option '-version'
gcc: fatal error: no input files
compilation terminated.
configure:4929: $? = 1
configure:4933: checking whether the compiler supports GNU C
configure:4953: gcc -c   conftest.c >&5
configure:4953: $? = 0
configure:4963: result: yes
configure:4974: checking whether gcc accepts -g
configure:4995: gcc -c -g  conftest.c >&5
configure:4995: $? = 0
configure:5039: result: yes
configure:5059: checking for gcc option to enable C11 features
configure:5074: gcc  -c -g -O2  conftest.c >&5
configure:5074: $? = 0
configure:5092: result: none needed
configure:5208: checking whether gcc understands -c and -o together
configure:5231: gcc -c conftest.c -o conftest2.o
configure:5234: $? = 0
configure:5231: gcc -c conftest.c -o conftest2.o
configure:5234: $? = 0
configure:5246: result: yes
configure:5265: checking dependency style of gcc
configure:5377: result: gcc3
configure:5397: checking how to run the C preprocessor
configure:5423: gcc -E  conftest.c
configure:5423: $? = 0
configure:5438: gcc -E  conftest.c
conftest.c:11:10: fatal error: ac_nonexistent.h: No such file or directory
   11 | #include <ac_nonexistent.h>
      |          ^~~~~~~~~~~~~~~~~~
compilation terminated.
configure:5438: $? = 1
configure: failed program was:
| /* confdefs.h */
| #define PACKAGE_NAME "MASA-CUDAlign"
| #define PACKAGE_TARNAME "masa-cudalign"
| #define PACKAGE_VERSION "3.9.1.1024"
| #define PACKAGE_STRING "MASA-CUDAlign 3.9.1.1024"
| #define PACKAGE_BUGREPORT "edans.sandes@gmail.com"
| #define PACKAGE_URL "https://github.com/edanssandes/masa-cudalign"
| #define PACKAGE "masa-cudalign"
| #define VERSION "3.9.1.1024"
| /* end confdefs.h.  */
| #include <ac_nonexistent.h>
configure:5465: result: gcc -E
configure:5479: gcc -E  conftest.c
configure:5479: $? = 0
configure:5494: gcc -E  conftest.c
conftest.c:11:10: fatal error: ac_nonexistent.h: No such file or directory
   11 | #include <ac_nonexistent.h>
      |          ^~~~~~~~~~~~~~~~~~
compilation terminated.
configure:5494: $? = 1
configure: failed program was:
| /* confdefs.h */
| #define PACKAGE_NAME "MASA-CUDAlign"
| #define PACKAGE_TARNAME "masa-cudalign"
| #define PACKAGE_VERSION "3.9.1.1024"
| #define PACKAGE_STRING "MASA-CUDAlign 3.9.1.1024"
| #define PACKAGE_BUGREPORT "edans.sandes@gmail.com"
| #define PACKAGE_URL "https://github.com/edanssandes/masa-cudalign"
| #define PACKAGE "masa-cudalign"
| #define VERSION "3.9.1.1024"
| /* end confdefs.h.  */
| #include <ac_nonexistent.h>
configure:5524: checking whether make sets $(MAKE)
configure:5547: result: yes
configure:5566: checking for stdio.h
configure:5566: gcc -c -g -O2  conftest.c >&5
configure:5566: $? = 0
configure:5566: result: yes
configure:5566: checking for stdlib.h
configure:5566: gcc -c -g -O2  conftest.c >&5
configure:5566: $? = 0
configure:5566: result: yes
configure:5566: checking for string.h
configure:5566: gcc -c -g -O2  conftest.c >&5
configure:5566: $? = 0
configure:5566: result: yes
configure:5566: checking for inttypes.h
configure:5566: gcc -c -g -O2  conftest.c >&5
configure:5566: $? = 0
configure:5566: result: yes
configure:5566: checking for stdint.h
configure:5566: gcc -c -g -O2  conftest.c >&5
configure:5566: $? = 0
configure:5566: result: yes
configure:5566: checking for strings.h
configure:5566: gcc -c -g -O2  conftest.c >&5
configure:5566: $? = 0
configure:5566: result: yes
configure:5566: checking for sys/stat.h
configure:5566: gcc -c -g -O2  conftest.c >&5
configure:5566: $? = 0
configure:5566: result: yes
configure:5566: checking for sys/types.h
configure:5566: gcc -c -g -O2  conftest.c >&5
configure:5566: $? = 0
configure:5566: result: yes
configure:5566: checking for unistd.h
configure:5566: gcc -c -g -O2  conftest.c >&5
configure:5566: $? = 0
configure:5566: result: yes
configure:5566: checking for vfork.h
configure:5566: gcc -c -g -O2  conftest.c >&5
conftest.c:48:10: fatal error: vfork.h: No such file or directory
   48 | #include <vfork.h>
      |          ^~~~~~~~~
compilation terminated.
configure:5566: $? = 1
configure: failed program was:
| /* confdefs.h */
| #define PACKAGE_NAME "MASA-CUDAlign"
| #define PACKAGE_TARNAME "masa-cudalign"
| #define PACKAGE_VERSION "3.9.1.1024"
| #define PACKAGE_STRING "MASA-CUDAlign 3.9.1.1024"
| #define PACKAGE_BUGREPORT "edans.sandes@gmail.com"
| #define PACKAGE_URL "https://github.com/edanssandes/masa-cudalign"
| #define PACKAGE "masa-cudalign"
| #define VERSION "3.9.1.1024"
| #define HAVE_STDIO_H 1
| #define HAVE_STDLIB_H 1
| #define HAVE_STRING_H 1
| #define HAVE_INTTYPES_H 1
| #define HAVE_STDINT_H 1
| #define HAVE_STRINGS_H 1
| #define HAVE_SYS_STAT_H 1
| #define HAVE_SYS_TYPES_H 1
| #define HAVE_UNISTD_H 1
| /* end confdefs.h.  */
| #include <stddef.h>
| #ifdef HAVE_STDIO_H
| # include <stdio.h>
| #endif
| #ifdef HAVE_STDLIB_H
| # include <stdlib.h>
| #endif
| #ifdef HAVE_STRING_H
| # include <string.h>
| #endif
| #ifdef HAVE_INTTYPES_H
| # include <inttypes.h>
| #endif
| #ifdef HAVE_STDINT_H
| # include <stdint.h>
| #endif
| #ifdef HAVE_STRINGS_H
| # include <strings.h>
| #endif
| #ifdef HAVE_SYS_TYPES_H
| # include <sys/types.h>
| #endif
| #ifdef HAVE_SYS_STAT_H
| # include <sys/stat.h>
| #endif
| #ifdef HAVE_UNISTD_H
| # include <unistd.h>
| #endif
| #include <vfork.h>
configure:5566: result: no
configure:5594: checking for arpa/inet.h
configure:5594: gcc -c -g -O2  conftest.c >&5
configure:5594: $? = 0
configure:5594: result: yes
configure:5594: checking for stdlib.h
configure:5594: result: yes
configure:5594: checking for string.h
configure:5594: result: yes
configure:5594: checking for sys/socket.h
configure:5594: gcc -c -g -O2  conftest.c >&5
configure:5594: $? = 0
configure:5594: result: yes
configure:5594: checking for sys/time.h
configure:5594: gcc -c -g -O2  conftest.c >&5
configure:5594: $? = 0
configure:5594: result: yes
configure:5594: checking for unistd.h
configure:5594: result: yes
configure:5594: checking for getopt.h
configure:5594: gcc -c -g -O2  conftest.c >&5
configure:5594: $? = 0
configure:5594: result: yes
configure:5594: checking for errno.h
configure:5594: gcc -c -g -O2  conftest.c >&5
configure:5594: $? = 0
configure:5594: result: yes
configure:5594: checking for wordexp.h
configure:5594: gcc -c -g -O2  conftest.c >&5
configure:5594: $? = 0
configure:5594: result: yes
configure:5611: checking for _Bool
configure:5611: gcc -c -g -O2  conftest.c >&5
configure:5611: $? = 0
configure:5611: gcc -c -g -O2  conftest.c >&5
conftest.c: In function 'main':
conftest.c:61:20: error: expected expression before ')' token
   61 | if (sizeof ((_Bool)))
      |                    ^
configure:5611: $? = 1
configure: failed program was:
| /* confdefs.h */
| #define PACKAGE_NAME "MASA-CUDAlign"
| #define PACKAGE_TARNAME "masa-cudalign"
| #define PACKAGE_VERSION "3.9.1.1024"
| #define PACKAGE_STRING "MASA-CUDAlign 3.9.1.1024"
| #define PACKAGE_BUGREPORT "edans.sandes@gmail.com"
| #define PACKAGE_URL "https://github.com/edanssandes/masa-cudalign"
| #define PACKAGE "masa-cudalign"
| #define VERSION "3.9.1.1024"
| #define HAVE_STDIO_H 1
| #define HAVE_STDLIB_H 1
| #define HAVE_STRING_H 1
| #define HAVE_INTTYPES_H 1
| #define HAVE_STDINT_H 1
| #define HAVE_STRINGS_H 1
| #define HAVE_SYS_STAT_H 1
| #define HAVE_SYS_TYPES_H 1
| #define HAVE_UNISTD_H 1
| #define STDC_HEADERS 1
| #define HAVE_ARPA_INET_H 1
| #define HAVE_STDLIB_H 1
| #define HAVE_STRING_H 1
| #define HAVE_SYS_SOCKET_H 1
| #define HAVE_SYS_TIME_H 1
| #define HAVE_UNISTD_H 1
| #define HAVE_GETOPT_H 1
| #define HAVE_ERRNO_H 1
| #define HAVE_WORDEXP_H 1
| /* end confdefs.h.  */
| #include <stddef.h>
| #ifdef HAVE_STDIO_H
| # include <stdio.h>
| #endif
| #ifdef HAVE_STDLIB_H
| # include <stdlib.h>
| #endif
| #ifdef HAVE_STRING_H
| # include <string.h>
| #endif
| #ifdef HAVE_INTTYPES_H
| # include <inttypes.h>
| #endif
| #ifdef HAVE_STDINT_H
| # include <stdint.h>
| #endif
| #ifdef HAVE_STRINGS_H
| # include <strings.h>
| #endif
| #ifdef HAVE_SYS_TYPES_H
| # include <sys/types.h>
| #endif
| #ifdef HAVE_SYS_STAT_H
| # include <sys/stat.h>
| #endif
| #ifdef HAVE_UNISTD_H
| # include <unistd.h>
| #endif
| int
| main (void)
| {
| if (sizeof ((_Bool)))
| 	    return 0;
|   ;
|   return 0;
| }
configure:5611: result: yes
configure:5620: checking for stdbool.h that conforms to C99
configure:5736: gcc -c -g -O2  conftest.c >&5
configure:5736: $? = 0
configure:5744: result: yes
configure:5753: checking for inline
configure:5770: gcc -c -g -O2  conftest.c >&5
configure:5770: $? = 0
configure:5779: result: inline
configure:5797: checking for size_t
configure:5797: gcc -c -g -O2  conftest.c >&5
configure:5797: $? = 0
configure:5797: gcc -c -g -O2  conftest.c >&5
conftest.c: In function 'main':
conftest.c:63:21: error: expected expression before ')' token
   63 | if (sizeof ((size_t)))
      |                     ^
configure:5797: $? = 1
configure: failed program was:
| /* confdefs.h */
| #define PACKAGE_NAME "MASA-CUDAlign"
| #define PACKAGE_TARNAME "masa-cudalign"
| #define PACKAGE_VERSION "3.9.1.1024"
| #define PACKAGE_STRING "MASA-CUDAlign 3.9.1.1024"
| #define PACKAGE_BUGREPORT "edans.sandes@gmail.com"
| #define PACKAGE_URL "https://github.com/edanssandes/masa-cudalign"
| #define PACKAGE "masa-cudalign"
| #define VERSION "3.9.1.1024"
| #define HAVE_STDIO_H 1
| #define HAVE_STDLIB_H 1
| #define HAVE_STRING_H 1
| #define HAVE_INTTYPES_H 1
| #define HAVE_STDINT_H 1
| #define HAVE_STRINGS_H 1
| #define HAVE_SYS_STAT_H 1
| #define HAVE_SYS_TYPES_H 1
| #define HAVE_UNISTD_H 1
| #define STDC_HEADERS 1
| #define HAVE_ARPA_INET_H 1
| #define HAVE_STDLIB_H 1
| #define HAVE_STRING_H 1
| #define HAVE_SYS_SOCKET_H 1
| #define HAVE_SYS_TIME_H 1
| #define HAVE_UNISTD_H 1
| #define HAVE_GETOPT_H 1
| #define HAVE_ERRNO_H 1
| #define HAVE_WORDEXP_H 1
| #define HAVE__BOOL 1
| #define HAVE_STDBOOL_H 1
| /* end confdefs.h.  */
| #include <stddef.h>
| #ifdef HAVE_STDIO_H
| # include <stdio.h>
| #endif
| #ifdef HAVE_STDLIB_H
| # include <stdlib.h>
| #endif
| #ifdef HAVE_STRING_H
| # include <string.h>
| #endif
| #ifdef HAVE_INTTYPES_H
| # include <inttypes.h>
| #endif
| #ifdef HAVE_STDINT_H
| # include <stdint.h>
| #endif
| #ifdef HAVE_STRINGS_H
| # include <strings.h>
| #endif
| #ifdef HAVE_SYS_TYPES_H
| # include <sys/types.h>
| #endif
| #ifdef HAVE_SYS_STAT_H
| # include <sys/stat.h>
| #endif
| #ifdef HAVE_UNISTD_H
| # include <unistd.h>
| #endif
| int
| main (void)
| {
| if (sizeof ((size_t)))
| 	    return 0;
|   ;
|   return 0;
| }
configure:5797: result: yes
configure:5813: checking for pid_t
configure:5813: gcc -c -g -O2  conftest.c >&5
configure:5813: $? = 0
configure:5813: gcc -c -g -O2  conftest.c >&5
conftest.c: In function 'main':
conftest.c:64:20: error: expected expression before ')' token
   64 | if (sizeof ((pid_t)))
      |                    ^
configure:5813: $? = 1
configure: failed program was:
| /* confdefs.h */
| #define PACKAGE_NAME "MASA-CUDAlign"
| #define PACKAGE_TARNAME "masa-cudalign"
| #define PACKAGE_VERSION "3.9.1.1024"
| #define PACKAGE_STRING "MASA-CUDAlign 3.9.1.1024"
| #define PACKAGE_BUGREPORT "edans.sandes@gmail.com"
| #define PACKAGE_URL "https://github.com/edanssandes/masa-cudalign"
| #define PACKAGE "masa-cudalign"
| #define VERSION "3.9.1.1024"
| #define HAVE_STDIO_H 1
| #define HAVE_STDLIB_H 1
| #define HAVE_STRING_H 1
| #define HAVE_INTTYPES_H 1
| #define HAVE_STDINT_H 1
| #define HAVE_STRINGS_H 1
| #define HAVE_SYS_STAT_H 1
| #define HAVE_SYS_TYPES_H 1
| #define HAVE_UNISTD_H 1
| #define STDC_HEADERS 1
| #define HAVE_ARPA_INET_H 1
| #define HAVE_STDLIB_H 1
| #define HAVE_STRING_H 1
| #define HAVE_SYS_SOCKET_H 1
| #define HAVE_SYS_TIME_H 1
| #define HAVE_UNISTD_H 1
| #define HAVE_GETOPT_H 1
| #define HAVE_ERRNO_H 1
| #define HAVE_WORDEXP_H 1
| #define HAVE__BOOL 1
| #define HAVE_STDBOOL_H 1
| /* end confdefs.h.  */
| #include <stddef.h>
| #ifdef HAVE_STDIO_H
| # include <stdio.h>
| #endif
| #ifdef HAVE_STDLIB_H
| # include <stdlib.h>
| #endif
| #ifdef HAVE_STRING_H
| # include <string.h>
| #endif
| #ifdef HAVE_INTTYPES_H
| # include <inttypes.h>
| #endif
| #ifdef HAVE_STDINT_H
| # include <stdint.h>
| #endif
| #ifdef HAVE_STRINGS_H
| # include <strings.h>
| #endif
| #ifdef HAVE_SYS_TYPES_H
| # include <sys/types.h>
| #endif
| #ifdef HAVE_SYS_STAT_H
| # include <sys/stat.h>
| #endif
| #ifdef HAVE_UNISTD_H
| # include <unistd.h>
| #endif
| 
| int
| main (void)
| {
| if (sizeof ((pid_t)))
| 	    return 0;
|   ;
|   return 0;
| }
configure:5813: result: yes
configure:5854: checking for fork
configure:5854: gcc -o conftest -g -O2   conftest.c  >&5
conftest.c:48:6: warning: conflicting types for built-in function 'fork'; expected 'int(void)' [-Wbuiltin-declaration-mismatch]
   48 | char fork ();
      |      ^~~~
configure:5854: $? = 0
configure:5854: result: yes
configure:5854: checking for vfork
configure:5854: gcc -o conftest -g -O2   conftest.c  >&5
configure:5854: $? = 0
configure:5854: result: yes
configure:5867: checking for working fork
configure:5891: gcc -o conftest -g -O2   conftest.c  >&5
configure:5891: $? = 0
configure:5891: ./conftest
configure:5891: $? = 0
configure:5902: result: yes
configure:5923: checking for working vfork
configure:6052: result: yes
configure:6083: checking build system type
configure:6098: result: x86_64-pc-linux-gnu
configure:6118: checking host system type
configure:6132: result: x86_64-pc-linux-gnu
configure:6152: checking for GNU libc compatible malloc
configure:6184: gcc -o conftest -g -O2   conftest.c  >&5
configure:6184: $? = 0
configure:6184: ./conftest
configure:6184: $? = 0
configure:6195: result: yes
configure:6217: checking for gettimeofday
configure:6217: gcc -o conftest -g -O2   conftest.c  >&5
configure:6217: $? = 0
configure:6217: result: yes
configure:6223: checking for inet_ntoa
configure:6223: gcc -o conftest -g -O2   conftest.c  >&5
configure:6223: $? = 0
configure:6223: result: yes
configure:6229: checking for memset
configure:6229: gcc -o conftest -g -O2   conftest.c  >&5
conftest.c:55:6: warning: conflicting types for built-in function 'memset'; expected 'void *(void *, int,  long unsigned int)' [-Wbuiltin-declaration-mismatch]
   55 | char memset ();
      |      ^~~~~~
conftest.c:47:1: note: 'memset' is declared in header '<string.h>'
   46 | #include <limits.h>
   47 | #undef memset
configure:6229: $? = 0
configure:6229: result: yes
configure:6235: checking for mkdir
configure:6235: gcc -o conftest -g -O2   conftest.c  >&5
configure:6235: $? = 0
configure:6235: result: yes
configure:6241: checking for pow
configure:6241: gcc -o conftest -g -O2   conftest.c  >&5
conftest.c:57:6: warning: conflicting types for built-in function 'pow'; expected 'double(double,  double)' [-Wbuiltin-declaration-mismatch]
   57 | char pow ();
      |      ^~~
conftest.c:49:1: note: 'pow' is declared in header '<math.h>'
   48 | #include <limits.h>
   49 | #undef pow
/usr/bin/ld: /tmp/cc7Xo6mY.o: in function `main':
/home/laicoadm/Documentos/Atila/dynbp_local/conftest.c:68: undefined reference to `pow'
collect2: error: ld returned 1 exit status
configure:6241: $? = 1
configure: failed program was:
| /* confdefs.h */
| #define PACKAGE_NAME "MASA-CUDAlign"
| #define PACKAGE_TARNAME "masa-cudalign"
| #define PACKAGE_VERSION "3.9.1.1024"
| #define PACKAGE_STRING "MASA-CUDAlign 3.9.1.1024"
| #define PACKAGE_BUGREPORT "edans.sandes@gmail.com"
| #define PACKAGE_URL "https://github.com/edanssandes/masa-cudalign"
| #define PACKAGE "masa-cudalign"
| #define VERSION "3.9.1.1024"
| #define HAVE_STDIO_H 1
| #define HAVE_STDLIB_H 1
| #define HAVE_STRING_H 1
| #define HAVE_INTTYPES_H 1
| #define HAVE_STDINT_H 1
| #define HAVE_STRINGS_H 1
| #define HAVE_SYS_STAT_H 1
| #define HAVE_SYS_TYPES_H 1
| #define HAVE_UNISTD_H 1
| #define STDC_HEADERS 1
| #define HAVE_ARPA_INET_H 1
| #define HAVE_STDLIB_H 1
| #define HAVE_STRING_H 1
| #define HAVE_SYS_SOCKET_H 1
| #define HAVE_SYS_TIME_H 1
| #define HAVE_UNISTD_H 1
| #define HAVE_GETOPT_H 1
| #define HAVE_ERRNO_H 1
| #define HAVE_WORDEXP_H 1
| #define HAVE__BOOL 1
| #define HAVE_STDBOOL_H 1
| #define HAVE_FORK 1
| #define HAVE_VFORK 1
| #define HAVE_WORKING_VFORK 1
| #define HAVE_WORKING_FORK 1
| #define HAVE_MALLOC 1
| #define HAVE_GETTIMEOFDAY 1
| #define HAVE_INET_NTOA 1
| #define HAVE_MEMSET 1
| #define HAVE_MKDIR 1
| /* end confdefs.h.  */
| /* Define pow to an innocuous variant, in case <limits.h> declares pow.
|    For example, HP-UX 11i <limits.h> declares gettimeofday.  */
| #define pow innocuous_pow
| 
| /* System header to define __stub macros and hopefully few prototypes,
|    which can conflict with char pow (); below.  */
| 
| #include <limits.h>
| #undef pow
| 
| /* Override any GCC internal prototype to avoid an error.
|    Use char because int might match the return type of a GCC
|    builtin and then its argument prototype would still apply.  */
| #ifdef __cplusplus
| extern "C"
| #endif
| char pow ();
| /* The GNU C library defines this for functions which it implements
|     to always fail with ENOSYS.  Some functions are actually named
|     something starting with __ and the normal name is an alias.  */
| #if defined __stub_pow || defined __stub___pow
| choke me
| #endif
| 
| int
| main (void)
| {
| return pow ();
|   ;
|   return 0;
| }
configure:6241: result: no
configure:6247: checking for socket
configure:6247: gcc -o conftest -g -O2   conftest.c  >&5
configure:6247: $? = 0
configure:6247: result: yes
configure:6253: checking for strcasecmp
configure:6253: gcc -o conftest -g -O2   conftest.c  >&5
conftest.c:58:6: warning: conflicting types for built-in function 'strcasecmp'; expected 'int(const char *, const char *)' [-Wbuiltin-declaration-mismatch]
   58 | char strcasecmp ();
      |      ^~~~~~~~~~
configure:6253: $? = 0
configure:6253: result: yes
configure:6339: Enabling 64bit compilation
configure:6387: checking for /usr/local/cuda/lib64/libcudart.so
configure:6402: result: yes
configure:6422: WARNING: if the compilation fails with an unsupported compiler version,
	                  try other g++ compiler version instead
	                  (e.g.  ./configure --enable-compiler-bindir=/usr/bin/g++-4.4)
configure:6444: checking for nvcc
configure:6467: found /usr/local/cuda/bin/nvcc
configure:6479: result: /usr/local/cuda/bin/nvcc
configure:6710: checking for cudaMemcpy in -lcudart
configure:6733: gcc -o conftest -g -O2   -L/usr/local/cuda/lib64 conftest.c -lcudart   >&5
configure:6733: $? = 0
configure:6743: result: yes
configure:6758: checking for cuMemcpy in -lcuda
configure:6781: gcc -o conftest -g -O2   -L/usr/local/cuda/lib64 conftest.c -lcuda  -lcudart  >&5
configure:6781: $? = 0
configure:6791: result: yes
configure:6814: checking for cuda_runtime.h
configure:6814: gcc -c -g -O2 -I/usr/local/cuda/include conftest.c >&5
configure:6814: $? = 0
configure:6814: result: yes
configure:6947: checking that generated files are newer than configure
configure:6953: result: done
configure:6984: creating ./config.status

## ---------------------- ##
## Running config.status. ##
## ---------------------- ##

This file was extended by MASA-CUDAlign config.status 3.9.1.1024, which was
generated by GNU Autoconf 2.71.  Invocation command line was

  CONFIG_FILES    = 
  CONFIG_HEADERS  = 
  CONFIG_LINKS    = 
  CONFIG_COMMANDS = 
  $ ./config.status 

on laico-Pichau-Alphard-B560M-T

config.status:898: creating Makefile
config.status:898: creating src/config.h
config.status:1127: executing depfiles commands
config.status:1204: cd .       && sed -e '/# am--include-marker/d' Makefile         | make -f - am--depfiles
make: Nothing to be done for 'am--depfiles'.
config.status:1209: $? = 0
configure:8365: === configuring in libs/masa-core (/home/laicoadm/Documentos/Atila/dynbp_local/libs/masa-core)
configure:8426: running /bin/bash ./configure --disable-option-checking '--prefix=/usr/local'  '--with-cuda-arch=sm_75' --cache-file=/dev/null --srcdir=.

## ---------------- ##
## Cache variables. ##
## ---------------- ##

ac_cv_build=x86_64-pc-linux-gnu
ac_cv_c_compiler_gnu=yes
ac_cv_c_inline=inline
ac_cv_cxx_compiler_gnu=yes
ac_cv_env_CCC_set=
ac_cv_env_CCC_value=
ac_cv_env_CC_set=
ac_cv_env_CC_value=
ac_cv_env_CFLAGS_set=
ac_cv_env_CFLAGS_value=
ac_cv_env_CPPFLAGS_set=
ac_cv_env_CPPFLAGS_value=
ac_cv_env_CPP_set=
ac_cv_env_CPP_value=
ac_cv_env_CXXFLAGS_set=
ac_cv_env_CXXFLAGS_value=
ac_cv_env_CXX_set=
ac_cv_env_CXX_value=
ac_cv_env_LDFLAGS_set=
ac_cv_env_LDFLAGS_value=
ac_cv_env_LIBS_set=
ac_cv_env_LIBS_value=
ac_cv_env_build_alias_set=
ac_cv_env_build_alias_value=
ac_cv_env_host_alias_set=
ac_cv_env_host_alias_value=
ac_cv_env_target_alias_set=
ac_cv_env_target_alias_value=
ac_cv_file__usr_local_cuda_lib64_libcudart_so=yes
ac_cv_func_fork=yes
ac_cv_func_fork_works=yes
ac_cv_func_gettimeofday=yes
ac_cv_func_inet_ntoa=yes
ac_cv_func_malloc_0_nonnull=yes
ac_cv_func_memset=yes
ac_cv_func_mkdir=yes
ac_cv_func_pow=no
ac_cv_func_socket=yes
ac_cv_func_strcasecmp=yes
ac_cv_func_vfork=yes
ac_cv_func_vfork_works=yes
ac_cv_header_arpa_inet_h=yes
ac_cv_header_cuda_runtime_h=yes
ac_cv_header_errno_h=yes
ac_cv_header_getopt_h=yes
ac_cv_header_inttypes_h=yes
ac_cv_header_stdbool_h=yes
ac_cv_header_stdint_h=yes
ac_cv_header_stdio_h=yes
ac_cv_header_stdlib_h=yes
ac_cv_header_string_h=yes
ac_cv_header_strings_h=yes
ac_cv_header_sys_socket_h=yes
ac_cv_header_sys_stat_h=yes
ac_cv_header_sys_time_h=yes
ac_cv_header_sys_types_h=yes
ac_cv_header_unistd_h=yes
ac_cv_header_vfork_h=no
ac_cv_header_wordexp_h=yes
ac_cv_host=x86_64-pc-linux-gnu
ac_cv_lib_cuda_cuMemcpy=yes
ac_cv_lib_cudart_cudaMemcpy=yes
ac_cv_objext=o
ac_cv_path_NVCC=/usr/local/cuda/bin/nvcc
ac_cv_path_install='/usr/bin/install -c'
ac_cv_path_mkdir=/usr/bin/mkdir
ac_cv_prog_AWK=mawk
ac_cv_prog_CPP='gcc -E'
ac_cv_prog_ac_ct_CC=gcc
ac_cv_prog_ac_ct_CXX=g++
ac_cv_prog_ac_ct_RANLIB=ranlib
ac_cv_prog_cc_c11=
ac_cv_prog_cc_g=yes
ac_cv_prog_cc_stdc=
ac_cv_prog_cxx_11=no
ac_cv_prog_cxx_cxx11=
ac_cv_prog_cxx_g=yes
ac_cv_prog_cxx_stdcxx=
ac_cv_prog_make_make_set=yes
ac_cv_type__Bool=yes
ac_cv_type_pid_t=yes
ac_cv_type_size_t=yes
am_cv_CC_dependencies_compiler_type=gcc3
am_cv_CXX_dependencies_compiler_type=gcc3
am_cv_make_support_nested_variables=yes
am_cv_prog_cc_c_o=yes

## ----------------- ##
## Output variables. ##
## ----------------- ##

ACLOCAL='${SHELL} '\''/home/laicoadm/Documentos/Atila/dynbp_local/admin/missing'\'' aclocal-1.16'
AMDEPBACKSLASH='\'
AMDEP_FALSE='#'
AMDEP_TRUE=''
AMTAR='$${TAR-tar}'
AM_BACKSLASH='\'
AM_DEFAULT_V='$(AM_DEFAULT_VERBOSITY)'
AM_DEFAULT_VERBOSITY='1'
AM_V='$(V)'
AUTOCONF='${SHELL} '\''/home/laicoadm/Documentos/Atila/dynbp_local/admin/missing'\'' autoconf'
AUTOHEADER='${SHELL} '\''/home/laicoadm/Documentos/Atila/dynbp_local/admin/missing'\'' autoheader'
AUTOMAKE='${SHELL} '\''/home/laicoadm/Documentos/Atila/dynbp_local/admin/missing'\'' automake-1.16'
AWK='mawk'
CC='gcc'
CCDEPMODE='depmode=gcc3'
CFLAGS='-g -O2'
COMMONFLAGS='-DUNIX  -DTHREADS_COUNT=128  -m64 -O3 -Ilibs/masa-core/src'
COMPILE_CUDA_FALSE='#'
COMPILE_CUDA_TRUE=''
CPP='gcc -E'
CPPFLAGS=''
CSCOPE='cscope'
CTAGS='ctags'
CUDA_CFLAGS='-I/usr/local/cuda/include'
CUDA_LIBS='-L/usr/local/cuda/lib64'
CXX='g++'
CXXDEPMODE='depmode=gcc3'
CXXFLAGS=''
CYGPATH_W='echo'
DEFS='-DHAVE_CONFIG_H'
DEPDIR='.deps'
ECHO_C=''
ECHO_N='-n'
ECHO_T=''
ETAGS='etags'
EXEEXT=''
INSTALL_DATA='${INSTALL} -m 644'
INSTALL_PROGRAM='${INSTALL}'
INSTALL_SCRIPT='${INSTALL}'
INSTALL_STRIP_PROGRAM='$(install_sh) -c -s'
LDFLAGS=''
LIBMASA_PATH='libs/masa-core'
LIBOBJS=''
LIBS='-lcuda -lcudart '
LTLIBOBJS=''
MAKEINFO='${SHELL} '\''/home/laicoadm/Documentos/Atila/dynbp_local/admin/missing'\'' makeinfo'
MKDIR_P='/usr/bin/mkdir -p'
NVCC='/usr/local/cuda/bin/nvcc'
NVCCFLAGS='-I/usr/local/cuda/include   --gpu-architecture=sm_75  '
OBJEXT='o'
PACKAGE='masa-cudalign'
PACKAGE_BUGREPORT='edans.sandes@gmail.com'
PACKAGE_NAME='MASA-CUDAlign'
PACKAGE_STRING='MASA-CUDAlign 3.9.1.1024'
PACKAGE_TARNAME='masa-cudalign'
PACKAGE_URL='https://github.com/edanssandes/masa-cudalign'
PACKAGE_VERSION='3.9.1.1024'
PATH_SEPARATOR=':'
RANLIB='ranlib'
SET_MAKE=''
SHELL='/bin/bash'
STRIP=''
VERSION='3.9.1.1024'
ac_ct_CC='gcc'
ac_ct_CXX='g++'
am__EXEEXT_FALSE=''
am__EXEEXT_TRUE='#'
am__fastdepCC_FALSE='#'
am__fastdepCC_TRUE=''
am__fastdepCXX_FALSE='#'
am__fastdepCXX_TRUE=''
am__include='include'
am__isrc=''
am__leading_dot='.'
am__nodep='_no'
am__quote=''
am__tar='$${TAR-tar} chof - "$$tardir"'
am__untar='$${TAR-tar} xf -'
bindir='${exec_prefix}/bin'
build='x86_64-pc-linux-gnu'
build_alias=''
build_cpu='x86_64'
build_os='linux-gnu'
build_vendor='pc'
datadir='${datarootdir}'
datarootdir='${prefix}/share'
docdir='${datarootdir}/doc/${PACKAGE_TARNAME}'
dvidir='${docdir}'
exec_prefix='${prefix}'
host='x86_64-pc-linux-gnu'
host_alias=''
host_cpu='x86_64'
host_os='linux-gnu'
host_vendor='pc'
htmldir='${docdir}'
includedir='${prefix}/include'
infodir='${datarootdir}/info'
install_sh='${SHELL} /home/laicoadm/Documentos/Atila/dynbp_local/admin/install-sh'
libdir='${exec_prefix}/lib'
libexecdir='${exec_prefix}/libexec'
localedir='${datarootdir}/locale'
localstatedir='${prefix}/var'
mandir='${datarootdir}/man'
mkdir_p='$(MKDIR_P)'
oldincludedir='/usr/include'
pdfdir='${docdir}'
prefix='/usr/local'
program_transform_name='s,x,x,'
psdir='${docdir}'
runstatedir='${localstatedir}/run'
sbindir='${exec_prefix}/sbin'
sharedstatedir='${prefix}/com'
subdirs=' libs/masa-core'
sysconfdir='${prefix}/etc'
target_alias=''

## ----------- ##
## confdefs.h. ##
## ----------- ##

/* confdefs.h */
#define PACKAGE_NAME "MASA-CUDAlign"
#define PACKAGE_TARNAME "masa-cudalign"
#define PACKAGE_VERSION "3.9.1.1024"
#define PACKAGE_STRING "MASA-CUDAlign 3.9.1.1024"
#define PACKAGE_BUGREPORT "edans.sandes@gmail.com"
#define PACKAGE_URL "https://github.com/edanssandes/masa-cudalign"
#define PACKAGE "masa-cudalign"
#define VERSION "3.9.1.1024"
#define HAVE_STDIO_H 1
#define HAVE_STDLIB_H 1
#define HAVE_STRING_H 1
#define HAVE_INTTYPES_H 1
#define HAVE_STDINT_H 1
#define HAVE_STRINGS_H 1
#define HAVE_SYS_STAT_H 1
#define HAVE_SYS_TYPES_H 1
#define HAVE_UNISTD_H 1
#define STDC_HEADERS 1
#define HAVE_ARPA_INET_H 1
#define HAVE_STDLIB_H 1
#define HAVE_STRING_H 1
#define HAVE_SYS_SOCKET_H 1
#define HAVE_SYS_TIME_H 1
#define HAVE_UNISTD_H 1
#define HAVE_GETOPT_H 1
#define HAVE_ERRNO_H 1
#define HAVE_WORDEXP_H 1
#define HAVE__BOOL 1
#define HAVE_STDBOOL_H 1
#define HAVE_FORK 1
#define HAVE_VFORK 1
#define HAVE_WORKING_VFORK 1
#define HAVE_WORKING_FORK 1
#define HAVE_MALLOC 1
#define HAVE_GETTIMEOFDAY 1
#define HAVE_INET_NTOA 1
#define HAVE_MEMSET 1
#define HAVE_MKDIR 1
#define HAVE_SOCKET 1
#define HAVE_STRCASECMP 1
#define COMPILED_CUDA_ARCH "sm_75"
#define HAVE_LIBCUDART 1
#define HAVE_LIBCUDA 1
#define HAVE_CUDA_RUNTIME_H 1

configure: exit 0
